[19:29:09.934] [INFO] Storybook upgrade - v10.1.0
[19:29:09.937] [INFO] detect-projects-spinner-start: Detecting projects...
[19:29:09.939] [DEBUG] Finding Storybook projects...
[19:29:10.018] [DEBUG] Found 1 Storybook projects
[19:29:10.021] [INFO] detect-projects-spinner: Detecting projects: 1 projects
[19:29:10.022] [DEBUG] Getting Storybook data...
[19:29:10.022] [DEBUG] Getting Storybook info...
[19:29:10.132] [DEBUG] Loading main config...
[19:29:10.132] [DEBUG] Getting stories paths...
[19:29:10.152] [DEBUG] Getting package manager...
[19:29:10.604] [DEBUG] Getting package.json info for C:/Users/antho/Downloads/weather-storybook/storybook/package.json...
[19:29:10.604] [DEBUG] Getting Storybook version...
[19:29:10.604] [DEBUG] C:/Users/antho/Downloads/weather-storybook/storybook/.storybook - Validating before version... 10.1.0
[19:29:10.604] [DEBUG] C:/Users/antho/Downloads/weather-storybook/storybook/.storybook - Validating upgrade compatibility...
[19:29:10.604] [DEBUG] C:/Users/antho/Downloads/weather-storybook/storybook/.storybook - Fetching NPM version information...
[19:29:10.604] [DEBUG] Getting CLI versions from NPM for storybook...
[19:29:10.604] [DEBUG] Executing command: npm info storybook version
[19:29:10.624] [DEBUG] Getting CLI versions from NPM for storybook@next...
[19:29:10.624] [DEBUG] Executing command: npm info storybook@next version
[19:29:11.642] [DEBUG] C:/Users/antho/Downloads/weather-storybook/storybook/.storybook - Evaluating blockers...
[19:29:11.664] [DEBUG] Getting installed version for @storybook/experimental-addon-test...
[19:29:11.665] [DEBUG] Executing command: npm ls --json --depth=99 2>NUL
[19:29:12.536] [DEBUG] Executing command: npm ls --json --depth=0 2>NUL
[19:29:13.422] [DEBUG] An issue occurred while trying to find dependencies metadata using npm: Error: Command failed with exit code 1: npm.cmd ls --json --depth=0 2>NUL
npm error code EINVALIDTAGNAME
npm error Invalid tag name "2>NUL" of package "2>NUL": Tags may not have any characters that encodeURIComponent encodes.
npm error A complete log of this run can be found in: C:\Users\antho\AppData\Local\npm-cache\_logs\2025-11-27T22_29_12_821Z-debug-0.log
{
  "error": {
    "code": "EINVALIDTAGNAME",
    "summary": "Invalid tag name \"2>NUL\" of package \"2>NUL\": Tags may not have any characters that encodeURIComponent encodes.",
    "detail": ""
  }
}
[19:29:13.422] [INFO] detect-projects-spinner-stop: 1 project detected
[19:29:13.423] [DEBUG] Found 1 valid projects and 0 error projects
[19:29:13.423] [INFO] Upgrading from [1m10.1.0[22m to [1m10.1.0[22m
[19:29:13.424] [INFO] upgrade-dependencies-task-start: Fetching versions to update package.json files..
[19:29:13.424] [DEBUG] Updating dependencies in C:/Users/antho/Downloads/weather-storybook/storybook/.storybook...
[19:29:13.425] [INFO] upgrade-dependencies-task: C:/Users/antho/Downloads/weather-storybook/storybook/package.json
C:/Users/antho/Downloads/weather-storybook/package.json
[19:29:13.425] [DEBUG] Using cached package.json for C:\Users\antho\Downloads\weather-storybook\storybook\package.json...
[19:29:13.426] [DEBUG] {
  "upgradedDependencies": []
}
[19:29:13.426] [DEBUG] {
  "upgradedDevDependencies": [
    "@storybook/addon-docs@10.1.0",
    "@storybook/addon-vitest@^10.1.0",
    "@storybook/react@^10.1.0"
  ]
}
[19:29:13.426] [DEBUG] {
  "upgradedPeerDependencies": []
}
[19:29:13.426] [DEBUG] Getting package.json info for C:/Users/antho/Downloads/weather-storybook/storybook/package.json...
[19:29:13.426] [DEBUG] Using cached package.json for C:\Users\antho\Downloads\weather-storybook\storybook\package.json...
[19:29:13.427] [DEBUG] Getting package.json info for C:/Users/antho/Downloads/weather-storybook/storybook/package.json...
[19:29:13.427] [DEBUG] Using cached package.json for C:\Users\antho\Downloads\weather-storybook\storybook\package.json...
[19:29:13.427] [DEBUG] Getting CLI versions from NPM for @storybook/addon-docs...
[19:29:13.427] [DEBUG] Executing command: npm info @storybook/addon-docs version
[19:29:14.385] [DEBUG] Getting CLI versions from NPM for @storybook/addon-vitest...
[19:29:14.385] [DEBUG] Executing command: npm info @storybook/addon-vitest version
[19:29:15.435] [DEBUG] Getting CLI versions from NPM for @storybook/react...
[19:29:15.435] [DEBUG] Executing command: npm info @storybook/react version
[19:29:16.361] [DEBUG] Getting package.json info for C:/Users/antho/Downloads/weather-storybook/storybook/package.json...
[19:29:16.361] [DEBUG] Using cached package.json for C:\Users\antho\Downloads\weather-storybook\storybook\package.json...
[19:29:16.361] [DEBUG] Using cached package.json for C:\Users\antho\Downloads\weather-storybook\package.json...
[19:29:16.362] [DEBUG] {
  "upgradedDependencies": []
}
[19:29:16.362] [DEBUG] {
  "upgradedDevDependencies": [
    "@storybook/nextjs-vite@^10.1.0"
  ]
}
[19:29:16.362] [DEBUG] {
  "upgradedPeerDependencies": []
}
[19:29:16.362] [DEBUG] Getting package.json info for C:/Users/antho/Downloads/weather-storybook/package.json...
[19:29:16.362] [DEBUG] Using cached package.json for C:\Users\antho\Downloads\weather-storybook\package.json...
[19:29:16.362] [DEBUG] Getting package.json info for C:/Users/antho/Downloads/weather-storybook/package.json...
[19:29:16.362] [DEBUG] Using cached package.json for C:\Users\antho\Downloads\weather-storybook\package.json...
[19:29:16.362] [DEBUG] Getting CLI versions from NPM for @storybook/nextjs-vite...
[19:29:16.362] [DEBUG] Executing command: npm info @storybook/nextjs-vite version
[19:29:18.661] [DEBUG] Getting package.json info for C:/Users/antho/Downloads/weather-storybook/package.json...
[19:29:18.661] [DEBUG] Using cached package.json for C:\Users\antho\Downloads\weather-storybook\package.json...
[19:29:18.661] [INFO] upgrade-dependencies-task-success: Updated package versions in package.json files
[19:29:18.662] [INFO] detect-automigrations-task-start: Detecting automigrations...
[19:29:18.663] [DEBUG] Starting automigration collection across 1 projects and 19 fixes...
[19:29:18.663] [INFO] detect-automigrations-task: Checking automigrations for
C:/Users/antho/Downloads/weather-storybook/storybook/.storybook...
[19:29:18.663] [DEBUG] Processing project: C:/Users/antho/Downloads/weather-storybook/storybook/.storybook
[19:29:18.663] [DEBUG] Checking fix eslintPlugin for project C:/Users/antho/Downloads/weather-storybook/storybook/.storybook...
[19:29:18.663] [DEBUG] Using cached package.json for C:\Users\antho\Downloads\weather-storybook\storybook\package.json...
[19:29:18.663] [DEBUG] Using cached package.json for C:\Users\antho\Downloads\weather-storybook\package.json...
[19:29:18.663] [DEBUG] Using cached package.json for C:\Users\antho\Downloads\weather-storybook\storybook\package.json...
[19:29:18.666] [DEBUG] Checking fix addon-mdx-gfm-remove for project C:/Users/antho/Downloads/weather-storybook/storybook/.storybook...
[19:29:18.666] [DEBUG] Using cached package.json for C:\Users\antho\Downloads\weather-storybook\storybook\package.json...
[19:29:18.666] [DEBUG] Using cached package.json for C:\Users\antho\Downloads\weather-storybook\package.json...
[19:29:18.666] [DEBUG] Checking fix addon-storysource-code-panel for project C:/Users/antho/Downloads/weather-storybook/storybook/.storybook...
[19:29:18.666] [DEBUG] Checking fix upgrade-storybook-related-dependencies for project C:/Users/antho/Downloads/weather-storybook/storybook/.storybook...
[19:29:18.666] [DEBUG] Checking for incompatible storybook packages...
[19:29:18.666] [DEBUG] Using cached package.json for C:\Users\antho\Downloads\weather-storybook\storybook\package.json...
[19:29:18.666] [DEBUG] Using cached package.json for C:\Users\antho\Downloads\weather-storybook\package.json...
[19:29:18.666] [DEBUG] Using cached package.json for C:\Users\antho\Downloads\weather-storybook\storybook\package.json...
[19:29:18.666] [DEBUG] Using cached package.json for C:\Users\antho\Downloads\weather-storybook\package.json...
[19:29:18.666] [DEBUG] Checking fix initial-globals for project C:/Users/antho/Downloads/weather-storybook/storybook/.storybook...
[19:29:18.684] [DEBUG] Checking fix addon-globals-api for project C:/Users/antho/Downloads/weather-storybook/storybook/.storybook...
[19:29:18.688] [DEBUG] Checking fix addon-a11y-addon-test for project C:/Users/antho/Downloads/weather-storybook/storybook/.storybook...
[19:29:18.688] [DEBUG] Checking fix consolidated-imports for project C:/Users/antho/Downloads/weather-storybook/storybook/.storybook...
[19:29:18.690] [DEBUG] Checking fix addon-experimental-test for project C:/Users/antho/Downloads/weather-storybook/storybook/.storybook...
[19:29:18.690] [DEBUG] Using cached installed version for @storybook/experimental-addon-test...
[19:29:18.690] [DEBUG] Checking fix rnstorybook-config for project C:/Users/antho/Downloads/weather-storybook/storybook/.storybook...
[19:29:18.690] [DEBUG] Using cached package.json for C:\Users\antho\Downloads\weather-storybook\storybook\package.json...
[19:29:18.690] [DEBUG] Using cached package.json for C:\Users\antho\Downloads\weather-storybook\package.json...
[19:29:18.690] [DEBUG] Checking fix migrate-addon-console for project C:/Users/antho/Downloads/weather-storybook/storybook/.storybook...
[19:29:18.690] [DEBUG] Using cached package.json for C:\Users\antho\Downloads\weather-storybook\storybook\package.json...
[19:29:18.690] [DEBUG] Using cached package.json for C:\Users\antho\Downloads\weather-storybook\package.json...
[19:29:18.690] [DEBUG] Checking fix nextjs-to-nextjs-vite for project C:/Users/antho/Downloads/weather-storybook/storybook/.storybook...
[19:29:18.690] [DEBUG] Using cached package.json for C:\Users\antho\Downloads\weather-storybook\storybook\package.json...
[19:29:18.690] [DEBUG] Using cached package.json for C:\Users\antho\Downloads\weather-storybook\package.json...
[19:29:18.690] [DEBUG] Checking fix remove-addon-interactions for project C:/Users/antho/Downloads/weather-storybook/storybook/.storybook...
[19:29:18.690] [DEBUG] Using cached package.json for C:\Users\antho\Downloads\weather-storybook\storybook\package.json...
[19:29:18.690] [DEBUG] Using cached package.json for C:\Users\antho\Downloads\weather-storybook\package.json...
[19:29:18.690] [DEBUG] Checking fix renderer-to-framework for project C:/Users/antho/Downloads/weather-storybook/storybook/.storybook...
[19:29:18.691] [DEBUG] Checking fix remove-essential-addons for project C:/Users/antho/Downloads/weather-storybook/storybook/.storybook...
[19:29:18.691] [DEBUG] Using cached package.json for C:\Users\antho\Downloads\weather-storybook\storybook\package.json...
[19:29:18.691] [DEBUG] Using cached package.json for C:\Users\antho\Downloads\weather-storybook\package.json...
[19:29:18.691] [DEBUG] Checking fix addon-a11y-parameters for project C:/Users/antho/Downloads/weather-storybook/storybook/.storybook...
[19:29:18.691] [DEBUG] Checking fix remove-docs-autodocs for project C:/Users/antho/Downloads/weather-storybook/storybook/.storybook...
[19:29:18.694] [DEBUG] Checking fix wrap-getAbsolutePath for project C:/Users/antho/Downloads/weather-storybook/storybook/.storybook...
[19:29:18.698] [DEBUG] Checking fix fix-faux-esm-require for project C:/Users/antho/Downloads/weather-storybook/storybook/.storybook...
[19:29:18.699] [INFO] detect-automigrations-task: 
Automigrations detected:
[19:29:18.700] [INFO] detect-automigrations-task: [32m[32m✔[32m remove-essential-addons[39m
[19:29:18.700] [INFO] detect-automigrations-task-success: 1 automigration(s) detected
[19:29:23.913] [PROMPT] Select automigrations to run {"choice":["remove-essential-addons"]}
[19:29:23.914] [INFO] automigrate-C:/Users/antho/Downloads/weather-storybook/storybook/.storybook-task-start: Running automigrations for C:/Users/antho/Downloads/weather-storybook/storybook/.storybook
[19:29:23.918] [DEBUG] Uninstalling @storybook/addon-essentials
[19:29:23.918] [DEBUG] Using cached package.json for C:\Users\antho\Downloads\weather-storybook\storybook\package.json...
[19:29:23.918] [DEBUG] Using cached package.json for C:\Users\antho\Downloads\weather-storybook\package.json...
[19:29:23.918] [DEBUG] Removing '@storybook/addon-essentials' from main.js addons field.
[19:29:23.930] [DEBUG] Getting Storybook info...
[19:29:23.944] [DEBUG] Loading main config...
[19:29:23.944] [DEBUG] Getting stories paths...
[19:29:23.945] [DEBUG] Getting package manager...
[19:29:23.957] [DEBUG] Getting package.json info for C:/Users/antho/Downloads/weather-storybook/storybook/package.json...
[19:29:23.957] [DEBUG] Getting Storybook version...
[19:29:23.959] [INFO] Verifying @storybook/addon-docs
[19:29:23.960] [DEBUG] Getting dependency version for storybook...
[19:29:23.960] [DEBUG] Using cached package.json for C:\Users\antho\Downloads\weather-storybook\storybook\package.json...
[19:29:23.960] [DEBUG] Using cached package.json for C:\Users\antho\Downloads\weather-storybook\package.json...
[19:29:23.960] [INFO] Installing @storybook/addon-docs@10.1.0
[19:29:23.960] [DEBUG] Using cached package.json for C:\Users\antho\Downloads\weather-storybook\storybook\package.json...
[19:29:23.960] [DEBUG] Using cached version for @storybook/addon-docs...
[19:29:23.961] [INFO] Adding '@storybook/addon-docs' to the "addons" field in C:\Users\antho\Downloads\weather-storybook\storybook\.storybook\main.cjs
[19:29:23.975] [INFO] automigrate-C:/Users/antho/Downloads/weather-storybook/storybook/.storybook-task: [32m[32m✔[32m remove-essential-addons[39m
[19:29:23.975] [INFO] automigrate-C:/Users/antho/Downloads/weather-storybook/storybook/.storybook-task-success: Completed automigrations for C:/Users/antho/Downloads/weather-storybook/storybook/.storybook
[19:29:23.976] [INFO] Installing dependencies...
[19:29:23.976] [INFO] install-dependencies-spinner-start: Installing dependencies...
[19:29:23.976] [DEBUG] Executing command: npm install --force
[19:29:25.927] [INFO] Installing dependencies...: 
up to date, audited 263 packages in 2s


[19:29:25.928] [INFO] install-dependencies-spinner: Installing dependencies...: up to date, audited 263 p
[19:29:25.928] [INFO] Installing dependencies...: 52 packages are looking for funding
  run `npm fund` for details

[19:29:25.928] [INFO] install-dependencies-spinner: Installing dependencies...: 52 packages are looking f
[19:29:25.935] [INFO] Installing dependencies...: 
2 moderate severity vulnerabilities

To address all issues (including breaking changes), run:
  npm audit fix --force

Run `npm audit` for details.

[19:29:25.935] [INFO] install-dependencies-spinner: Installing dependencies...: 2 moderate severity vulne
[19:29:25.974] [INFO] Dependencies installed
[19:29:25.974] [INFO] install-dependencies-spinner-stop: Dependencies installed
[19:29:25.976] [INFO] Checking the health of your project(s)..
[19:29:25.977] [DEBUG] Using cached package.json for C:\Users\antho\Downloads\weather-storybook\storybook\package.json...
[19:29:25.977] [DEBUG] Using cached package.json for C:\Users\antho\Downloads\weather-storybook\package.json...
[19:29:25.977] [DEBUG] Executing command: npm ls --json --depth=99 2>NUL
[19:29:26.838] [DEBUG] Executing command: npm ls --json --depth=0 2>NUL
[19:29:27.757] [DEBUG] An issue occurred while trying to find dependencies metadata using npm: Error: Command failed with exit code 1: npm.cmd ls --json --depth=0 2>NUL
npm error code EINVALIDTAGNAME
npm error Invalid tag name "2>NUL" of package "2>NUL": Tags may not have any characters that encodeURIComponent encodes.
npm error A complete log of this run can be found in: C:\Users\antho\AppData\Local\npm-cache\_logs\2025-11-27T22_29_27_130Z-debug-0.log
{
  "error": {
    "code": "EINVALIDTAGNAME",
    "summary": "Invalid tag name \"2>NUL\" of package \"2>NUL\": Tags may not have any characters that encodeURIComponent encodes.",
    "detail": ""
  }
}
[19:29:27.757] [WARN] C:/Users/antho/Downloads/weather-storybook/storybook/.storybook: 1 issue found
[19:29:27.758] [INFO] The "storybook" package was not found in your package.json.
Installing "storybook" as a direct dev dependency in your package.json is required.
[19:29:27.759] [INFO] Storybook doctor is complete!
[19:29:27.759] [INFO] You can always recheck the health of your project(s) by running:
[36mnpx storybook doctor[39m
[19:29:27.760] [INFO] [33mYour project(s) have been upgraded successfully, but some issues were found which need your attention, please check Storybook doctor logs above.[39m
[19:29:27.760] [INFO] If you want to learn more about the automigrations that executed in your project(s), please check the following links:
• ]8;;https://github.com/storybookjs/storybook/blob/next/MIGRATION.md#essentials-addon-viewport-controls-interactions-and-actions-moved-to-coreremove-essential-addons]8;;
[19:29:27.761] [INFO] For a full list of changes, please check our migration guide: [36mhttps://storybook.js.org/docs/releases/migration-guide?ref=upgrade[39m
[19:29:30.911] [INFO] Storybook upgrade completed!